14:04:12 INFO  : Platform repository initialization has completed.
14:04:12 INFO  : Launching XSCT server: xsct.bat -n  -interactive C:\Users\brand\Documents\engs109-omp-fpga\SW\VitisWorkspace\temp_xsdb_launch_script.tcl
14:04:12 INFO  : Registering command handlers for Vitis TCF services
14:04:14 INFO  : XSCT server has started successfully.
14:04:14 INFO  : Successfully done setting XSCT server connection channel  
14:04:14 INFO  : plnx-install-location is set to ''
14:04:14 INFO  : Successfully done query RDI_DATADIR 
14:04:14 INFO  : Successfully done setting workspace for the tool. 
14:09:38 INFO  : Result from executing command 'getProjects': engs109_fpgaOMP
14:09:38 INFO  : Result from executing command 'getPlatforms': 
14:32:22 INFO  : Result from executing command 'getProjects': engs109_fpgaOMP
14:32:22 INFO  : Result from executing command 'getPlatforms': engs109_fpgaOMP|C:/Users/brand/Documents/engs109-omp-fpga/SW/VitisWorkspace/engs109_fpgaOMP/export/engs109_fpgaOMP/engs109_fpgaOMP.xpfm
14:32:23 INFO  : Checking for BSP changes to sync application flags for project 'processor_baseline'...
14:41:26 INFO  : Result from executing command 'removePlatformRepo': 
14:42:02 INFO  : Result from executing command 'getProjects': engs109_fpgaOMP
14:42:02 INFO  : Result from executing command 'getPlatforms': 
14:42:03 INFO  : Checking for BSP changes to sync application flags for project 'processor_baseline'...
14:43:25 INFO  : Connected to target on host '127.0.0.1' and port '3121'.
14:44:01 INFO  : Jtag cable 'Digilent Zybo Z7 210351BE5C15A' is selected.
14:44:36 INFO  : 'jtag frequency' command is executed.
14:44:36 INFO  : Context for 'APU' is selected.
14:44:36 INFO  : System reset is completed.
14:44:39 INFO  : 'after 3000' command is executed.
14:45:11 INFO  : 'targets -set -filter {jtag_cable_name =~ "Digilent Zybo Z7 210351BE5C15A" && level==0 && jtag_device_ctx=="jsn-Zybo Z7-210351BE5C15A-23727093-0"}' command is executed.
14:45:48 INFO  : Device configured successfully with "C:/Users/brand/Documents/engs109-omp-fpga/SW/VitisWorkspace/processor_baseline/_ide/bitstream/processor_alone.bit"
14:45:48 INFO  : Context for 'APU' is selected.
14:46:23 INFO  : Hardware design and registers information is loaded from 'C:/Users/brand/Documents/engs109-omp-fpga/SW/VitisWorkspace/engs109_fpgaOMP/export/engs109_fpgaOMP/hw/processor_alone.xsa'.
14:46:23 INFO  : 'configparams force-mem-access 1' command is executed.
14:46:23 INFO  : Context for 'APU' is selected.
14:46:23 INFO  : Sourcing of 'C:/Users/brand/Documents/engs109-omp-fpga/SW/VitisWorkspace/processor_baseline/_ide/psinit/ps7_init.tcl' is done.
14:49:54 INFO  : 'ps7_init' command is executed.
14:49:54 INFO  : 'ps7_post_config' command is executed.
14:49:54 INFO  : Context for processor 'ps7_cortexa9_0' is selected.
14:51:39 INFO  : The application 'C:/Users/brand/Documents/engs109-omp-fpga/SW/VitisWorkspace/processor_baseline/Debug/processor_baseline.elf' is downloaded to processor 'ps7_cortexa9_0'.
14:52:14 INFO  : 'configparams force-mem-access 0' command is executed.
14:52:14 INFO  : ----------------XSDB Script----------------
connect -url tcp:127.0.0.1:3121
targets -set -nocase -filter {name =~"APU*"}
rst -system
after 3000
targets -set -filter {jtag_cable_name =~ "Digilent Zybo Z7 210351BE5C15A" && level==0 && jtag_device_ctx=="jsn-Zybo Z7-210351BE5C15A-23727093-0"}
fpga -file C:/Users/brand/Documents/engs109-omp-fpga/SW/VitisWorkspace/processor_baseline/_ide/bitstream/processor_alone.bit
targets -set -nocase -filter {name =~"APU*"}
loadhw -hw C:/Users/brand/Documents/engs109-omp-fpga/SW/VitisWorkspace/engs109_fpgaOMP/export/engs109_fpgaOMP/hw/processor_alone.xsa -mem-ranges [list {0x40000000 0xbfffffff}] -regs
configparams force-mem-access 1
targets -set -nocase -filter {name =~"APU*"}
source C:/Users/brand/Documents/engs109-omp-fpga/SW/VitisWorkspace/processor_baseline/_ide/psinit/ps7_init.tcl
ps7_init
ps7_post_config
targets -set -nocase -filter {name =~ "*A9*#0"}
dow C:/Users/brand/Documents/engs109-omp-fpga/SW/VitisWorkspace/processor_baseline/Debug/processor_baseline.elf
configparams force-mem-access 0
----------------End of Script----------------

14:53:24 INFO  : Context for processor 'ps7_cortexa9_0' is selected.
14:54:34 INFO  : 'con' command is executed.
14:54:34 INFO  : ----------------XSDB Script (After Launch)----------------
targets -set -nocase -filter {name =~ "*A9*#0"}
con
----------------End of Script----------------

14:54:34 INFO  : Launch script is exported to file 'C:\Users\brand\Documents\engs109-omp-fpga\SW\VitisWorkspace\processor_baseline_system\_ide\scripts\systemdebugger_processor_baseline_system_standalone.tcl'
15:04:48 INFO  : Launching XSCT server: xsct.bat -n  -interactive C:\Users\brand\Documents\engs109-omp-fpga\SW\VitisWorkspace\temp_xsdb_launch_script.tcl
15:04:51 INFO  : XSCT server has started successfully.
15:04:51 INFO  : plnx-install-location is set to ''
15:04:51 INFO  : Successfully done setting XSCT server connection channel  
15:04:51 INFO  : Successfully done setting workspace for the tool. 
15:04:53 INFO  : Platform repository initialization has completed.
15:04:53 INFO  : Registering command handlers for Vitis TCF services
15:04:53 INFO  : Successfully done query RDI_DATADIR 
15:05:11 INFO  : Result from executing command 'removePlatformRepo': 
15:05:49 ERROR : Error from executing command 'removePlatformRepo': ERROR: No valid directory exists at given path.
15:06:09 INFO  : Result from executing command 'getProjects': engs109_fpgaOMP
15:06:09 INFO  : Result from executing command 'getPlatforms': 
15:06:38 INFO  : Checking for BSP changes to sync application flags for project 'processor_baseline'...
15:07:03 INFO  : Checking for BSP changes to sync application flags for project 'processor_baseline'...
15:07:56 INFO  : Result from executing command 'removePlatformRepo': 
15:08:27 INFO  : Result from executing command 'getProjects': engs109_fpgaOMP
15:08:27 INFO  : Result from executing command 'getPlatforms': 
15:08:28 INFO  : Checking for BSP changes to sync application flags for project 'processor_baseline'...
15:10:11 INFO  : Connected to target on host '127.0.0.1' and port '3121'.
15:10:46 INFO  : Jtag cable 'Digilent Zybo Z7 210351BE5C15A' is selected.
15:11:21 INFO  : 'jtag frequency' command is executed.
15:11:21 INFO  : Context for 'APU' is selected.
15:11:21 INFO  : System reset is completed.
15:11:24 INFO  : 'after 3000' command is executed.
15:11:56 INFO  : 'targets -set -filter {jtag_cable_name =~ "Digilent Zybo Z7 210351BE5C15A" && level==0 && jtag_device_ctx=="jsn-Zybo Z7-210351BE5C15A-23727093-0"}' command is executed.
15:11:58 INFO  : Device configured successfully with "C:/Users/brand/Documents/engs109-omp-fpga/SW/VitisWorkspace/processor_baseline/_ide/bitstream/processor_alone.bit"
15:11:58 INFO  : Context for 'APU' is selected.
15:12:34 INFO  : Hardware design and registers information is loaded from 'C:/Users/brand/Documents/engs109-omp-fpga/SW/VitisWorkspace/engs109_fpgaOMP/export/engs109_fpgaOMP/hw/processor_alone.xsa'.
15:12:34 INFO  : 'configparams force-mem-access 1' command is executed.
15:12:34 INFO  : Context for 'APU' is selected.
15:12:34 INFO  : Sourcing of 'C:/Users/brand/Documents/engs109-omp-fpga/SW/VitisWorkspace/processor_baseline/_ide/psinit/ps7_init.tcl' is done.
15:20:09 INFO  : 'ps7_init' command is executed.
15:20:09 INFO  : 'ps7_post_config' command is executed.
15:20:44 INFO  : Context for processor 'ps7_cortexa9_0' is selected.
15:22:29 INFO  : The application 'C:/Users/brand/Documents/engs109-omp-fpga/SW/VitisWorkspace/processor_baseline/Debug/processor_baseline.elf' is downloaded to processor 'ps7_cortexa9_0'.
15:23:04 INFO  : 'configparams force-mem-access 0' command is executed.
15:23:04 INFO  : ----------------XSDB Script----------------
connect -url tcp:127.0.0.1:3121
targets -set -nocase -filter {name =~"APU*"}
rst -system
after 3000
targets -set -filter {jtag_cable_name =~ "Digilent Zybo Z7 210351BE5C15A" && level==0 && jtag_device_ctx=="jsn-Zybo Z7-210351BE5C15A-23727093-0"}
fpga -file C:/Users/brand/Documents/engs109-omp-fpga/SW/VitisWorkspace/processor_baseline/_ide/bitstream/processor_alone.bit
targets -set -nocase -filter {name =~"APU*"}
loadhw -hw C:/Users/brand/Documents/engs109-omp-fpga/SW/VitisWorkspace/engs109_fpgaOMP/export/engs109_fpgaOMP/hw/processor_alone.xsa -mem-ranges [list {0x40000000 0xbfffffff}] -regs
configparams force-mem-access 1
targets -set -nocase -filter {name =~"APU*"}
source C:/Users/brand/Documents/engs109-omp-fpga/SW/VitisWorkspace/processor_baseline/_ide/psinit/ps7_init.tcl
ps7_init
ps7_post_config
targets -set -nocase -filter {name =~ "*A9*#0"}
dow C:/Users/brand/Documents/engs109-omp-fpga/SW/VitisWorkspace/processor_baseline/Debug/processor_baseline.elf
configparams force-mem-access 0
----------------End of Script----------------

15:23:39 INFO  : Context for processor 'ps7_cortexa9_0' is selected.
15:24:14 INFO  : 'con' command is executed.
15:24:14 INFO  : ----------------XSDB Script (After Launch)----------------
targets -set -nocase -filter {name =~ "*A9*#0"}
con
----------------End of Script----------------

15:24:14 INFO  : Launch script is exported to file 'C:\Users\brand\Documents\engs109-omp-fpga\SW\VitisWorkspace\processor_baseline_system\_ide\scripts\systemdebugger_processor_baseline_system_1_standalone.tcl'
15:25:52 INFO  : Launching XSCT server: xsct.bat -n  -interactive C:\Users\brand\Documents\engs109-omp-fpga\SW\VitisWorkspace\temp_xsdb_launch_script.tcl
15:25:56 INFO  : XSCT server has started successfully.
15:25:56 INFO  : plnx-install-location is set to ''
15:25:56 INFO  : Successfully done setting XSCT server connection channel  
15:25:56 INFO  : Successfully done setting workspace for the tool. 
15:25:58 INFO  : Platform repository initialization has completed.
15:25:58 INFO  : Successfully done query RDI_DATADIR 
15:25:58 INFO  : Registering command handlers for Vitis TCF services
15:26:13 INFO  : Result from executing command 'removePlatformRepo': 
15:26:38 INFO  : Result from executing command 'getProjects': engs109_fpgaOMP
15:26:38 INFO  : Result from executing command 'getPlatforms': 
15:26:45 INFO  : Result from executing command 'removePlatformRepo': 
15:27:00 ERROR : Error from executing command 'removePlatformRepo': ERROR: No valid directory exists at given path.
15:27:24 INFO  : Result from executing command 'getProjects': engs109_fpgaOMP
15:27:24 INFO  : Result from executing command 'getPlatforms': 
15:27:24 INFO  : Checking for BSP changes to sync application flags for project 'processor_baseline'...
15:27:41 INFO  : Checking for BSP changes to sync application flags for project 'processor_baseline'...
15:27:59 INFO  : Checking for BSP changes to sync application flags for project 'processor_baseline'...
15:28:58 INFO  : Result from executing command 'removePlatformRepo': 
15:29:25 INFO  : Result from executing command 'getProjects': engs109_fpgaOMP
15:29:25 INFO  : Result from executing command 'getPlatforms': 
15:29:25 INFO  : Checking for BSP changes to sync application flags for project 'processor_baseline'...
15:31:05 INFO  : Result from executing command 'removePlatformRepo': 
15:31:29 INFO  : Result from executing command 'getProjects': engs109_fpgaOMP
15:31:29 INFO  : Result from executing command 'getPlatforms': 
15:31:29 INFO  : Checking for BSP changes to sync application flags for project 'processor_baseline'...
15:32:50 INFO  : Result from executing command 'removePlatformRepo': 
15:33:23 INFO  : Result from executing command 'getProjects': engs109_fpgaOMP
15:33:23 INFO  : Result from executing command 'getPlatforms': 
15:33:23 INFO  : Checking for BSP changes to sync application flags for project 'processor_baseline'...
15:34:18 INFO  : Connected to target on host '127.0.0.1' and port '3121'.
15:34:54 INFO  : Jtag cable 'Digilent Zybo Z7 210351BE5C15A' is selected.
15:35:28 INFO  : 'jtag frequency' command is executed.
15:35:28 INFO  : Context for 'APU' is selected.
15:35:29 INFO  : System reset is completed.
15:35:32 INFO  : 'after 3000' command is executed.
15:36:04 INFO  : 'targets -set -filter {jtag_cable_name =~ "Digilent Zybo Z7 210351BE5C15A" && level==0 && jtag_device_ctx=="jsn-Zybo Z7-210351BE5C15A-23727093-0"}' command is executed.
15:36:06 INFO  : Device configured successfully with "C:/Users/brand/Documents/engs109-omp-fpga/SW/VitisWorkspace/processor_baseline/_ide/bitstream/processor_alone.bit"
15:36:06 INFO  : Context for 'APU' is selected.
15:36:41 INFO  : Hardware design and registers information is loaded from 'C:/Users/brand/Documents/engs109-omp-fpga/SW/VitisWorkspace/engs109_fpgaOMP/export/engs109_fpgaOMP/hw/processor_alone.xsa'.
15:36:41 INFO  : 'configparams force-mem-access 1' command is executed.
15:36:41 INFO  : Context for 'APU' is selected.
15:36:41 INFO  : Sourcing of 'C:/Users/brand/Documents/engs109-omp-fpga/SW/VitisWorkspace/processor_baseline/_ide/psinit/ps7_init.tcl' is done.
15:40:46 INFO  : 'ps7_init' command is executed.
15:40:46 INFO  : 'ps7_post_config' command is executed.
15:41:21 INFO  : Context for processor 'ps7_cortexa9_0' is selected.
15:41:57 INFO  : The application 'C:/Users/brand/Documents/engs109-omp-fpga/SW/VitisWorkspace/processor_baseline/Debug/processor_baseline.elf' is downloaded to processor 'ps7_cortexa9_0'.
15:42:32 INFO  : 'configparams force-mem-access 0' command is executed.
15:42:32 INFO  : ----------------XSDB Script----------------
connect -url tcp:127.0.0.1:3121
targets -set -nocase -filter {name =~"APU*"}
rst -system
after 3000
targets -set -filter {jtag_cable_name =~ "Digilent Zybo Z7 210351BE5C15A" && level==0 && jtag_device_ctx=="jsn-Zybo Z7-210351BE5C15A-23727093-0"}
fpga -file C:/Users/brand/Documents/engs109-omp-fpga/SW/VitisWorkspace/processor_baseline/_ide/bitstream/processor_alone.bit
targets -set -nocase -filter {name =~"APU*"}
loadhw -hw C:/Users/brand/Documents/engs109-omp-fpga/SW/VitisWorkspace/engs109_fpgaOMP/export/engs109_fpgaOMP/hw/processor_alone.xsa -mem-ranges [list {0x40000000 0xbfffffff}] -regs
configparams force-mem-access 1
targets -set -nocase -filter {name =~"APU*"}
source C:/Users/brand/Documents/engs109-omp-fpga/SW/VitisWorkspace/processor_baseline/_ide/psinit/ps7_init.tcl
ps7_init
ps7_post_config
targets -set -nocase -filter {name =~ "*A9*#0"}
dow C:/Users/brand/Documents/engs109-omp-fpga/SW/VitisWorkspace/processor_baseline/Debug/processor_baseline.elf
configparams force-mem-access 0
----------------End of Script----------------

15:43:42 INFO  : Context for processor 'ps7_cortexa9_0' is selected.
15:44:17 INFO  : 'con' command is executed.
15:44:17 INFO  : ----------------XSDB Script (After Launch)----------------
targets -set -nocase -filter {name =~ "*A9*#0"}
con
----------------End of Script----------------

15:44:17 INFO  : Launch script is exported to file 'C:\Users\brand\Documents\engs109-omp-fpga\SW\VitisWorkspace\processor_baseline_system\_ide\scripts\debugger_processor_baseline-default.tcl'
15:47:50 INFO  : Result from executing command 'removePlatformRepo': 
15:48:26 INFO  : Result from executing command 'getProjects': engs109_fpgaOMP
15:48:26 INFO  : Result from executing command 'getPlatforms': 
15:48:27 INFO  : Checking for BSP changes to sync application flags for project 'processor_baseline'...
15:49:17 INFO  : Disconnected from the channel tcfchan#14.
15:49:32 INFO  : Connected to target on host '127.0.0.1' and port '3121'.
15:49:41 INFO  : ----------------XSDB Script----------------
connect -url tcp:127.0.0.1:3121
----------------End of Script----------------

15:49:41 ERROR : Could not find ARM device on the board for connection 'Local'.
Check if the target is in:
1. Split JTAG - No operations are possible with ARM DAP.
2. Non JTAG bootmode - Bootrom may need time to enable DAP.
Please try again.


Troubleshooting hints:
1. Check whether board is connected to system properly.
2. In case of zynq board, check whether Digilent/Xilinx cable switch settings are correct.
3. If you are using Xilinx Platform Cable USB, ensure that status LED is green.
15:49:54 INFO  : Connected to target on host '127.0.0.1' and port '3121'.
15:50:16 INFO  : ----------------XSDB Script----------------
connect -url tcp:127.0.0.1:3121
----------------End of Script----------------

15:50:16 ERROR : Could not find ARM device on the board for connection 'Local'.
Check if the target is in:
1. Split JTAG - No operations are possible with ARM DAP.
2. Non JTAG bootmode - Bootrom may need time to enable DAP.
Please try again.


Troubleshooting hints:
1. Check whether board is connected to system properly.
2. In case of zynq board, check whether Digilent/Xilinx cable switch settings are correct.
3. If you are using Xilinx Platform Cable USB, ensure that status LED is green.
15:51:07 INFO  : Launching XSCT server: xsct.bat -n  -interactive C:\Users\brand\Documents\engs109-omp-fpga\SW\VitisWorkspace\temp_xsdb_launch_script.tcl
15:51:10 INFO  : XSCT server has started successfully.
15:51:10 INFO  : plnx-install-location is set to ''
15:51:10 INFO  : Successfully done setting XSCT server connection channel  
15:51:10 INFO  : Successfully done setting workspace for the tool. 
15:51:11 INFO  : Platform repository initialization has completed.
15:51:11 INFO  : Successfully done query RDI_DATADIR 
15:51:11 INFO  : Registering command handlers for Vitis TCF services
15:51:22 INFO  : Result from executing command 'removePlatformRepo': 
15:51:33 ERROR : Error from executing command 'removePlatformRepo': ERROR: No valid directory exists at given path.
15:51:59 INFO  : Result from executing command 'getProjects': engs109_fpgaOMP
15:51:59 INFO  : Result from executing command 'getPlatforms': 
15:52:07 INFO  : Result from executing command 'removePlatformRepo': 
15:52:34 INFO  : Result from executing command 'getProjects': engs109_fpgaOMP
15:52:34 INFO  : Result from executing command 'getPlatforms': 
15:52:34 INFO  : Checking for BSP changes to sync application flags for project 'processor_baseline'...
15:52:51 INFO  : Result from executing command 'removePlatformRepo': 
15:53:21 INFO  : Result from executing command 'getProjects': engs109_fpgaOMP
15:53:21 INFO  : Result from executing command 'getPlatforms': 
15:53:22 INFO  : Checking for BSP changes to sync application flags for project 'processor_baseline'...
15:53:38 INFO  : Connected to target on host '127.0.0.1' and port '3121'.
15:54:13 INFO  : Jtag cable 'Digilent Zybo Z7 210351BE5C15A' is selected.
15:54:48 INFO  : 'jtag frequency' command is executed.
15:54:48 INFO  : Context for 'APU' is selected.
15:54:48 INFO  : System reset is completed.
15:54:51 INFO  : 'after 3000' command is executed.
15:55:23 INFO  : 'targets -set -filter {jtag_cable_name =~ "Digilent Zybo Z7 210351BE5C15A" && level==0 && jtag_device_ctx=="jsn-Zybo Z7-210351BE5C15A-23727093-0"}' command is executed.
15:55:25 INFO  : Device configured successfully with "C:/Users/brand/Documents/engs109-omp-fpga/SW/VitisWorkspace/processor_baseline/_ide/bitstream/processor_alone.bit"
15:55:25 INFO  : Context for 'APU' is selected.
15:56:00 INFO  : Hardware design and registers information is loaded from 'C:/Users/brand/Documents/engs109-omp-fpga/SW/VitisWorkspace/engs109_fpgaOMP/export/engs109_fpgaOMP/hw/processor_alone.xsa'.
15:56:00 INFO  : 'configparams force-mem-access 1' command is executed.
15:56:00 INFO  : Context for 'APU' is selected.
15:56:00 INFO  : Sourcing of 'C:/Users/brand/Documents/engs109-omp-fpga/SW/VitisWorkspace/processor_baseline/_ide/psinit/ps7_init.tcl' is done.
16:01:16 INFO  : 'ps7_init' command is executed.
16:01:51 INFO  : 'ps7_post_config' command is executed.
16:01:51 INFO  : Context for processor 'ps7_cortexa9_0' is selected.
16:02:26 INFO  : The application 'C:/Users/brand/Documents/engs109-omp-fpga/SW/VitisWorkspace/processor_baseline/Debug/processor_baseline.elf' is downloaded to processor 'ps7_cortexa9_0'.
16:03:01 INFO  : 'configparams force-mem-access 0' command is executed.
16:03:01 INFO  : ----------------XSDB Script----------------
connect -url tcp:127.0.0.1:3121
targets -set -nocase -filter {name =~"APU*"}
rst -system
after 3000
targets -set -filter {jtag_cable_name =~ "Digilent Zybo Z7 210351BE5C15A" && level==0 && jtag_device_ctx=="jsn-Zybo Z7-210351BE5C15A-23727093-0"}
fpga -file C:/Users/brand/Documents/engs109-omp-fpga/SW/VitisWorkspace/processor_baseline/_ide/bitstream/processor_alone.bit
targets -set -nocase -filter {name =~"APU*"}
loadhw -hw C:/Users/brand/Documents/engs109-omp-fpga/SW/VitisWorkspace/engs109_fpgaOMP/export/engs109_fpgaOMP/hw/processor_alone.xsa -mem-ranges [list {0x40000000 0xbfffffff}] -regs
configparams force-mem-access 1
targets -set -nocase -filter {name =~"APU*"}
source C:/Users/brand/Documents/engs109-omp-fpga/SW/VitisWorkspace/processor_baseline/_ide/psinit/ps7_init.tcl
ps7_init
ps7_post_config
targets -set -nocase -filter {name =~ "*A9*#0"}
dow C:/Users/brand/Documents/engs109-omp-fpga/SW/VitisWorkspace/processor_baseline/Debug/processor_baseline.elf
configparams force-mem-access 0
----------------End of Script----------------

16:03:36 INFO  : Context for processor 'ps7_cortexa9_0' is selected.
16:04:11 INFO  : 'con' command is executed.
16:04:11 INFO  : ----------------XSDB Script (After Launch)----------------
targets -set -nocase -filter {name =~ "*A9*#0"}
con
----------------End of Script----------------

16:04:11 INFO  : Launch script is exported to file 'C:\Users\brand\Documents\engs109-omp-fpga\SW\VitisWorkspace\processor_baseline_system\_ide\scripts\debugger_processor_baseline-default.tcl'
16:07:21 INFO  : Result from executing command 'removePlatformRepo': 
16:07:48 INFO  : Result from executing command 'getProjects': engs109_fpgaOMP
16:07:48 INFO  : Result from executing command 'getPlatforms': 
16:07:49 INFO  : Checking for BSP changes to sync application flags for project 'processor_baseline'...
16:08:32 INFO  : Checking for BSP changes to sync application flags for project 'processor_baseline'...
16:08:59 INFO  : Disconnected from the channel tcfchan#9.
16:09:26 INFO  : Connected to target on host '127.0.0.1' and port '3121'.
16:09:27 INFO  : Jtag cable 'Digilent Zybo Z7 210351BE5C15A' is selected.
16:10:01 INFO  : 'jtag frequency' command is executed.
16:10:01 INFO  : Context for 'APU' is selected.
16:10:01 INFO  : System reset is completed.
16:10:04 INFO  : 'after 3000' command is executed.
16:10:37 INFO  : 'targets -set -filter {jtag_cable_name =~ "Digilent Zybo Z7 210351BE5C15A" && level==0 && jtag_device_ctx=="jsn-Zybo Z7-210351BE5C15A-23727093-0"}' command is executed.
16:11:14 INFO  : Device configured successfully with "C:/Users/brand/Documents/engs109-omp-fpga/SW/VitisWorkspace/processor_baseline/_ide/bitstream/processor_alone.bit"
16:11:14 INFO  : Context for 'APU' is selected.
16:11:14 INFO  : Hardware design and registers information is loaded from 'C:/Users/brand/Documents/engs109-omp-fpga/SW/VitisWorkspace/engs109_fpgaOMP/export/engs109_fpgaOMP/hw/processor_alone.xsa'.
16:11:49 INFO  : 'configparams force-mem-access 1' command is executed.
16:11:49 INFO  : Context for 'APU' is selected.
16:11:49 INFO  : Sourcing of 'C:/Users/brand/Documents/engs109-omp-fpga/SW/VitisWorkspace/processor_baseline/_ide/psinit/ps7_init.tcl' is done.
16:17:04 INFO  : 'ps7_init' command is executed.
16:17:04 INFO  : 'ps7_post_config' command is executed.
16:17:04 INFO  : Context for processor 'ps7_cortexa9_0' is selected.
16:18:15 INFO  : The application 'C:/Users/brand/Documents/engs109-omp-fpga/SW/VitisWorkspace/processor_baseline/Debug/processor_baseline.elf' is downloaded to processor 'ps7_cortexa9_0'.
16:18:50 INFO  : 'configparams force-mem-access 0' command is executed.
16:18:50 INFO  : ----------------XSDB Script----------------
connect -url tcp:127.0.0.1:3121
targets -set -nocase -filter {name =~"APU*"}
rst -system
after 3000
targets -set -filter {jtag_cable_name =~ "Digilent Zybo Z7 210351BE5C15A" && level==0 && jtag_device_ctx=="jsn-Zybo Z7-210351BE5C15A-23727093-0"}
fpga -file C:/Users/brand/Documents/engs109-omp-fpga/SW/VitisWorkspace/processor_baseline/_ide/bitstream/processor_alone.bit
targets -set -nocase -filter {name =~"APU*"}
loadhw -hw C:/Users/brand/Documents/engs109-omp-fpga/SW/VitisWorkspace/engs109_fpgaOMP/export/engs109_fpgaOMP/hw/processor_alone.xsa -mem-ranges [list {0x40000000 0xbfffffff}] -regs
configparams force-mem-access 1
targets -set -nocase -filter {name =~"APU*"}
source C:/Users/brand/Documents/engs109-omp-fpga/SW/VitisWorkspace/processor_baseline/_ide/psinit/ps7_init.tcl
ps7_init
ps7_post_config
targets -set -nocase -filter {name =~ "*A9*#0"}
dow C:/Users/brand/Documents/engs109-omp-fpga/SW/VitisWorkspace/processor_baseline/Debug/processor_baseline.elf
configparams force-mem-access 0
----------------End of Script----------------

16:19:25 INFO  : Context for processor 'ps7_cortexa9_0' is selected.
16:20:00 INFO  : 'con' command is executed.
16:20:00 INFO  : ----------------XSDB Script (After Launch)----------------
targets -set -nocase -filter {name =~ "*A9*#0"}
con
----------------End of Script----------------

16:20:00 INFO  : Launch script is exported to file 'C:\Users\brand\Documents\engs109-omp-fpga\SW\VitisWorkspace\processor_baseline_system\_ide\scripts\debugger_processor_baseline-default.tcl'
16:21:21 INFO  : Result from executing command 'removePlatformRepo': 
16:23:23 INFO  : Result from executing command 'getProjects': engs109_fpgaOMP
16:23:23 INFO  : Result from executing command 'getPlatforms': 
16:23:23 INFO  : Checking for BSP changes to sync application flags for project 'processor_baseline'...
16:24:18 INFO  : Disconnected from the channel tcfchan#12.
16:24:40 INFO  : Connected to target on host '127.0.0.1' and port '3121'.
16:24:40 INFO  : Jtag cable 'Digilent Zybo Z7 210351BE5C15A' is selected.
16:25:15 INFO  : 'jtag frequency' command is executed.
16:25:15 INFO  : Context for 'APU' is selected.
16:25:15 INFO  : System reset is completed.
16:25:18 INFO  : 'after 3000' command is executed.
16:25:50 INFO  : 'targets -set -filter {jtag_cable_name =~ "Digilent Zybo Z7 210351BE5C15A" && level==0 && jtag_device_ctx=="jsn-Zybo Z7-210351BE5C15A-23727093-0"}' command is executed.
16:25:52 INFO  : Device configured successfully with "C:/Users/brand/Documents/engs109-omp-fpga/SW/VitisWorkspace/processor_baseline/_ide/bitstream/processor_alone.bit"
16:25:53 INFO  : Context for 'APU' is selected.
16:25:53 INFO  : Hardware design and registers information is loaded from 'C:/Users/brand/Documents/engs109-omp-fpga/SW/VitisWorkspace/engs109_fpgaOMP/export/engs109_fpgaOMP/hw/processor_alone.xsa'.
16:25:53 INFO  : 'configparams force-mem-access 1' command is executed.
16:26:28 INFO  : Context for 'APU' is selected.
16:26:28 INFO  : Sourcing of 'C:/Users/brand/Documents/engs109-omp-fpga/SW/VitisWorkspace/processor_baseline/_ide/psinit/ps7_init.tcl' is done.
16:29:58 INFO  : 'ps7_init' command is executed.
16:29:58 INFO  : 'ps7_post_config' command is executed.
16:29:58 INFO  : Context for processor 'ps7_cortexa9_0' is selected.
16:30:33 INFO  : The application 'C:/Users/brand/Documents/engs109-omp-fpga/SW/VitisWorkspace/processor_baseline/Debug/processor_baseline.elf' is downloaded to processor 'ps7_cortexa9_0'.
16:31:08 INFO  : 'configparams force-mem-access 0' command is executed.
16:31:08 INFO  : ----------------XSDB Script----------------
connect -url tcp:127.0.0.1:3121
targets -set -nocase -filter {name =~"APU*"}
rst -system
after 3000
targets -set -filter {jtag_cable_name =~ "Digilent Zybo Z7 210351BE5C15A" && level==0 && jtag_device_ctx=="jsn-Zybo Z7-210351BE5C15A-23727093-0"}
fpga -file C:/Users/brand/Documents/engs109-omp-fpga/SW/VitisWorkspace/processor_baseline/_ide/bitstream/processor_alone.bit
targets -set -nocase -filter {name =~"APU*"}
loadhw -hw C:/Users/brand/Documents/engs109-omp-fpga/SW/VitisWorkspace/engs109_fpgaOMP/export/engs109_fpgaOMP/hw/processor_alone.xsa -mem-ranges [list {0x40000000 0xbfffffff}] -regs
configparams force-mem-access 1
targets -set -nocase -filter {name =~"APU*"}
source C:/Users/brand/Documents/engs109-omp-fpga/SW/VitisWorkspace/processor_baseline/_ide/psinit/ps7_init.tcl
ps7_init
ps7_post_config
targets -set -nocase -filter {name =~ "*A9*#0"}
dow C:/Users/brand/Documents/engs109-omp-fpga/SW/VitisWorkspace/processor_baseline/Debug/processor_baseline.elf
configparams force-mem-access 0
----------------End of Script----------------

16:31:44 INFO  : Context for processor 'ps7_cortexa9_0' is selected.
16:32:18 INFO  : 'con' command is executed.
16:32:18 INFO  : ----------------XSDB Script (After Launch)----------------
targets -set -nocase -filter {name =~ "*A9*#0"}
con
----------------End of Script----------------

16:32:18 INFO  : Launch script is exported to file 'C:\Users\brand\Documents\engs109-omp-fpga\SW\VitisWorkspace\processor_baseline_system\_ide\scripts\debugger_processor_baseline-default.tcl'
